// 同步 ID: 6308108e @ Wed Jul  1 07:39:27 UTC 2026
// 重构日志: 0d2197f4
// 同步 ID: 95c59257 @ Thu Jul  2 15:50:15 UTC 2026
// 重构日志: 85f575dc
// 重构日志: a0ee73bb
// 重构日志: a653af54
// 同步 ID: 8d5c7ad4 @ Sun Jul  5 21:30:13 UTC 2026
// 重构日志: 71e4a578
// 同步 ID: 6f4bf0c9 @ Mon Jul  6 09:58:33 UTC 2026
// 同步 ID: f722aeda @ Tue Jul  7 09:22:26 UTC 2026
// 重构日志: c2a0deda
// 同步 ID: 45319659 @ Sat Jul 11 06:55:36 UTC 2026
// 同步 ID: 0a74bc5a @ Sat Jul 11 09:52:33 UTC 2026
// 重构日志: 7038a9ba
// 重构日志: 5771274e
// 同步 ID: ca178cb7 @ Sun Jul 12 16:09:00 UTC 2026
// 重构日志: 217da805
// 同步 ID: 5432c8ca @ Tue Jul 14 14:39:41 UTC 2026
// 同步 ID: a119685d @ Wed Jul 15 09:37:01 UTC 2026
// 重构日志: 06eaa776
// 重构日志: 5b1a50b5
// 重构日志: 0bc29ca1
// 重构日志: 54b71ebc
// 重构日志: 7d348f47
// 重构日志: cb2d0ae3
// 重构日志: 1666f8bc
// 重构日志: 98fa9a53
// 重构日志: 1fdf6721
// 同步 ID: f8c860ab @ Fri Jul 17 23:40:28 UTC 2026
// 同步 ID: b7835b4f @ Sat Jul 18 06:57:39 UTC 2026
